{"/home/dayglor/dev/codeflix/src/@seedwork/domain/validation/validationRules.ts": {"path":"/home/dayglor/dev/codeflix/src/@seedwork/domain/validation/validationRules.ts","all":false,"statementMap":{"0":{"start":{"line":1,"column":0},"end":{"line":1,"column":72}},"1":{"start":{"line":2,"column":0},"end":{"line":2,"column":0}},"2":{"start":{"line":3,"column":0},"end":{"line":3,"column":38}},"3":{"start":{"line":4,"column":0},"end":{"line":4,"column":85}},"4":{"start":{"line":5,"column":0},"end":{"line":5,"column":0}},"5":{"start":{"line":6,"column":0},"end":{"line":6,"column":5}},"6":{"start":{"line":7,"column":0},"end":{"line":7,"column":0}},"7":{"start":{"line":8,"column":0},"end":{"line":8,"column":50}},"8":{"start":{"line":9,"column":0},"end":{"line":9,"column":52}},"9":{"start":{"line":10,"column":0},"end":{"line":10,"column":5}},"10":{"start":{"line":11,"column":0},"end":{"line":11,"column":0}},"11":{"start":{"line":12,"column":0},"end":{"line":12,"column":21}},"12":{"start":{"line":13,"column":0},"end":{"line":13,"column":25}},"13":{"start":{"line":14,"column":0},"end":{"line":14,"column":69}},"14":{"start":{"line":15,"column":0},"end":{"line":15,"column":9}},"15":{"start":{"line":16,"column":0},"end":{"line":16,"column":20}},"16":{"start":{"line":17,"column":0},"end":{"line":17,"column":5}},"17":{"start":{"line":18,"column":0},"end":{"line":18,"column":0}},"18":{"start":{"line":19,"column":0},"end":{"line":19,"column":20}},"19":{"start":{"line":20,"column":0},"end":{"line":20,"column":45}},"20":{"start":{"line":21,"column":0},"end":{"line":21,"column":81}},"21":{"start":{"line":22,"column":0},"end":{"line":22,"column":9}},"22":{"start":{"line":23,"column":0},"end":{"line":23,"column":0}},"23":{"start":{"line":24,"column":0},"end":{"line":24,"column":20}},"24":{"start":{"line":25,"column":0},"end":{"line":25,"column":5}},"25":{"start":{"line":26,"column":0},"end":{"line":26,"column":0}},"26":{"start":{"line":27,"column":0},"end":{"line":27,"column":34}},"27":{"start":{"line":28,"column":0},"end":{"line":28,"column":38}},"28":{"start":{"line":29,"column":0},"end":{"line":29,"column":112}},"29":{"start":{"line":30,"column":0},"end":{"line":30,"column":9}},"30":{"start":{"line":31,"column":0},"end":{"line":31,"column":20}},"31":{"start":{"line":32,"column":0},"end":{"line":32,"column":5}},"32":{"start":{"line":33,"column":0},"end":{"line":33,"column":0}},"33":{"start":{"line":34,"column":0},"end":{"line":34,"column":0}},"34":{"start":{"line":35,"column":0},"end":{"line":35,"column":1}}},"s":{"0":1,"1":1,"2":1,"3":1,"4":0,"5":0,"6":1,"7":1,"8":0,"9":0,"10":1,"11":1,"12":0,"13":0,"14":0,"15":0,"16":0,"17":1,"18":1,"19":0,"20":0,"21":0,"22":0,"23":0,"24":0,"25":1,"26":1,"27":0,"28":0,"29":0,"30":0,"31":0,"32":1,"33":1,"34":1},"branchMap":{},"b":{},"fnMap":{"0":{"name":"values","decl":{"start":{"line":8,"column":11},"end":{"line":10,"column":5}},"loc":{"start":{"line":8,"column":11},"end":{"line":10,"column":5}},"line":8},"1":{"name":"required","decl":{"start":{"line":12,"column":4},"end":{"line":17,"column":5}},"loc":{"start":{"line":12,"column":4},"end":{"line":17,"column":5}},"line":12},"2":{"name":"string","decl":{"start":{"line":19,"column":4},"end":{"line":25,"column":5}},"loc":{"start":{"line":19,"column":4},"end":{"line":25,"column":5}},"line":19},"3":{"name":"maxLength","decl":{"start":{"line":27,"column":4},"end":{"line":32,"column":5}},"loc":{"start":{"line":27,"column":4},"end":{"line":32,"column":5}},"line":27},"4":{"name":"ValidationRules","decl":{"start":{"line":4,"column":4},"end":{"line":6,"column":5}},"loc":{"start":{"line":4,"column":4},"end":{"line":6,"column":5}},"line":4}},"f":{"0":0,"1":0,"2":0,"3":0,"4":0}}
,"/home/dayglor/dev/codeflix/src/@seedwork/errors/validationError.ts": {"path":"/home/dayglor/dev/codeflix/src/@seedwork/errors/validationError.ts","all":false,"statementMap":{"0":{"start":{"line":1,"column":0},"end":{"line":1,"column":52}},"1":{"start":{"line":2,"column":0},"end":{"line":2,"column":35}},"2":{"start":{"line":3,"column":0},"end":{"line":3,"column":45}},"3":{"start":{"line":4,"column":0},"end":{"line":4,"column":38}},"4":{"start":{"line":5,"column":0},"end":{"line":5,"column":5}},"5":{"start":{"line":6,"column":0},"end":{"line":6,"column":1}}},"s":{"0":1,"1":1,"2":0,"3":0,"4":0,"5":1},"branchMap":{},"b":{},"fnMap":{"0":{"name":"ValidationError","decl":{"start":{"line":2,"column":4},"end":{"line":5,"column":5}},"loc":{"start":{"line":2,"column":4},"end":{"line":5,"column":5}},"line":2}},"f":{"0":0}}
}
