TN:
SF:src/@seedwork/domain/entiites/Entity.ts
FN:27,get id
FN:31,get createdAt
FN:35,get updatedAt
FN:39,get removedAt
FN:43,set removedAt
FN:47,toJSON
FN:19,Entity
FNF:7
FNH:7
FNDA:17,get id
FNDA:7,get createdAt
FNDA:5,get updatedAt
FNDA:5,get removedAt
FNDA:1,set removedAt
FNDA:2,toJSON
FNDA:13,Entity
DA:1,1
DA:2,1
DA:3,1
DA:4,1
DA:5,1
DA:6,1
DA:7,1
DA:8,1
DA:9,1
DA:10,1
DA:11,1
DA:12,1
DA:13,1
DA:14,1
DA:15,1
DA:16,1
DA:17,1
DA:18,1
DA:19,1
DA:20,13
DA:21,13
DA:22,13
DA:23,13
DA:24,13
DA:25,13
DA:26,1
DA:27,1
DA:28,17
DA:29,17
DA:30,1
DA:31,1
DA:32,7
DA:33,7
DA:34,1
DA:35,1
DA:36,5
DA:37,5
DA:38,1
DA:39,1
DA:40,5
DA:41,5
DA:42,1
DA:43,1
DA:44,1
DA:45,1
DA:46,1
DA:47,1
DA:48,2
DA:49,2
DA:50,2
DA:51,2
DA:52,2
DA:53,2
DA:54,2
DA:55,2
DA:56,1
LF:56
LH:56
BRDA:27,0,0,17
BRDA:31,1,0,7
BRDA:35,2,0,5
BRDA:39,3,0,5
BRDA:43,4,0,1
BRDA:44,5,0,0
BRDA:47,6,0,2
BRDA:19,7,0,13
BRDA:20,8,0,0
BRDA:22,9,0,11
BRDA:23,10,0,12
BRF:11
BRH:9
end_of_record
TN:
SF:src/@seedwork/domain/identificationGenerator/implementations/md5.ts
FN:7,generateId
FNF:1
FNH:1
FNDA:3,generateId
DA:1,1
DA:2,1
DA:3,1
DA:4,1
DA:5,1
DA:6,1
DA:7,1
DA:8,3
DA:9,3
DA:10,1
LF:10
LH:10
BRDA:7,0,0,3
BRF:1
BRH:1
end_of_record
TN:
SF:src/@seedwork/domain/identificationGenerator/implementations/uuid.ts
FN:9,generateId
FNF:1
FNH:1
FNDA:9,generateId
DA:1,1
DA:2,1
DA:3,1
DA:4,1
DA:5,1
DA:6,1
DA:7,1
DA:8,1
DA:9,1
DA:10,9
DA:11,9
DA:12,1
LF:12
LH:12
BRDA:9,0,0,9
BRF:1
BRH:1
end_of_record
TN:
SF:src/@seedwork/errors/invalid-id-error.ts
FN:2,InvalidIdError
FNF:1
FNH:1
FNDA:3,InvalidIdError
DA:1,1
DA:2,1
DA:3,3
DA:4,3
DA:5,3
DA:6,1
LF:6
LH:6
BRDA:2,0,0,3
BRDA:3,1,0,1
BRF:2
BRH:2
end_of_record
TN:
SF:src/category/domain/entities/Category.ts
FN:40,validate
FN:63,get description
FN:67,get isActive
FN:71,get name
FN:75,set name
FN:89,set isActive
FN:101,set description
FN:28,Category
FNF:8
FNH:8
FNDA:13,validate
FNDA:2,get description
FNDA:4,get isActive
FNDA:4,get name
FNDA:14,set name
FNDA:13,set isActive
FNDA:13,set description
FNDA:13,Category
DA:1,1
DA:2,1
DA:3,1
DA:4,1
DA:5,1
DA:6,1
DA:7,1
DA:8,1
DA:9,1
DA:10,1
DA:11,1
DA:12,1
DA:13,1
DA:14,1
DA:15,1
DA:16,1
DA:17,1
DA:18,1
DA:19,1
DA:20,1
DA:21,1
DA:22,1
DA:23,1
DA:24,1
DA:25,1
DA:26,1
DA:27,1
DA:28,1
DA:29,13
DA:30,13
DA:31,13
DA:32,13
DA:33,13
DA:34,13
DA:35,13
DA:36,13
DA:37,13
DA:38,13
DA:39,1
DA:40,1
DA:41,13
DA:42,1
DA:43,1
DA:44,13
DA:45,1
DA:46,1
DA:47,1
DA:48,1
DA:49,1
DA:50,1
DA:51,1
DA:52,1
DA:53,1
DA:54,1
DA:55,1
DA:56,1
DA:57,1
DA:58,1
DA:59,1
DA:60,1
DA:61,1
DA:62,1
DA:63,1
DA:64,2
DA:65,2
DA:66,1
DA:67,1
DA:68,4
DA:69,4
DA:70,1
DA:71,1
DA:72,4
DA:73,4
DA:74,1
DA:75,1
DA:76,14
DA:77,14
DA:78,1
DA:79,1
DA:80,1
DA:81,1
DA:82,1
DA:83,1
DA:84,1
DA:85,1
DA:86,1
DA:87,1
DA:88,1
DA:89,1
DA:90,13
DA:91,13
DA:92,1
DA:93,1
DA:94,1
DA:95,1
DA:96,1
DA:97,1
DA:98,1
DA:99,1
DA:100,1
DA:101,1
DA:102,13
DA:103,13
DA:104,1
DA:105,1
DA:106,1
DA:107,1
DA:108,1
LF:108
LH:108
BRDA:40,0,0,13
BRDA:41,1,0,1
BRDA:63,2,0,2
BRDA:67,3,0,4
BRDA:71,4,0,4
BRDA:75,5,0,14
BRDA:89,6,0,13
BRDA:101,7,0,13
BRDA:28,8,0,13
BRDA:32,9,0,12
BRDA:35,10,0,8
BRF:11
BRH:11
end_of_record
