TN:
SF:src/@seedwork/domain/entiites/Entity.ts
FN:26,get id
FN:30,get createdAt
FN:34,get updatedAt
FN:38,get removedAt
FN:42,set removedAt
FN:46,toJSON
FN:18,Entity
FNF:7
FNH:6
FNDA:17,get id
FNDA:7,get createdAt
FNDA:5,get updatedAt
FNDA:5,get removedAt
FNDA:1,set removedAt
FNDA:0,toJSON
FNDA:13,Entity
DA:1,1
DA:2,1
DA:3,1
DA:4,1
DA:5,1
DA:6,1
DA:7,1
DA:8,1
DA:9,1
DA:10,1
DA:11,1
DA:12,1
DA:13,1
DA:14,1
DA:15,1
DA:16,1
DA:17,1
DA:18,1
DA:19,13
DA:20,13
DA:21,13
DA:22,13
DA:23,13
DA:24,13
DA:25,1
DA:26,1
DA:27,17
DA:28,17
DA:29,1
DA:30,1
DA:31,7
DA:32,7
DA:33,1
DA:34,1
DA:35,5
DA:36,5
DA:37,1
DA:38,1
DA:39,5
DA:40,5
DA:41,1
DA:42,1
DA:43,1
DA:44,1
DA:45,1
DA:46,1
DA:47,0
DA:48,0
DA:49,0
DA:50,0
DA:51,0
DA:52,0
DA:53,0
DA:54,1
LF:54
LH:47
BRDA:26,0,0,17
BRDA:30,1,0,7
BRDA:34,2,0,5
BRDA:38,3,0,5
BRDA:42,4,0,1
BRDA:43,5,0,0
BRDA:18,6,0,13
BRDA:19,7,0,0
BRDA:21,8,0,11
BRDA:22,9,0,12
BRF:10
BRH:8
end_of_record
TN:
SF:src/@seedwork/domain/identificationGenerator/implementations/md5.ts
FN:7,generateId
FNF:1
FNH:1
FNDA:3,generateId
DA:1,1
DA:2,1
DA:3,1
DA:4,1
DA:5,1
DA:6,1
DA:7,1
DA:8,3
DA:9,3
DA:10,1
LF:10
LH:10
BRDA:7,0,0,3
BRF:1
BRH:1
end_of_record
TN:
SF:src/@seedwork/domain/identificationGenerator/implementations/uuid.ts
FN:9,generateId
FNF:1
FNH:1
FNDA:9,generateId
DA:1,1
DA:2,1
DA:3,1
DA:4,1
DA:5,1
DA:6,1
DA:7,1
DA:8,1
DA:9,1
DA:10,9
DA:11,9
DA:12,1
LF:12
LH:12
BRDA:9,0,0,9
BRF:1
BRH:1
end_of_record
TN:
SF:src/@seedwork/errors/invalid-id-error.ts
FN:2,InvalidIdError
FNF:1
FNH:1
FNDA:3,InvalidIdError
DA:1,1
DA:2,1
DA:3,3
DA:4,3
DA:5,3
DA:6,1
LF:6
LH:6
BRDA:2,0,0,3
BRDA:3,1,0,1
BRF:2
BRH:2
end_of_record
TN:
SF:src/category/domain/entities/Category.ts
FN:45,validate
FN:52,toJSON
FN:80,get description
FN:84,get isActive
FN:88,get name
FN:92,set name
FN:110,set isActive
FN:122,set description
FN:33,Category
FNF:9
FNH:7
FNDA:13,validate
FNDA:2,toJSON
FNDA:4,get description
FNDA:6,get isActive
FNDA:6,get name
FNDA:1,set name
FNDA:0,set isActive
FNDA:0,set description
FNDA:13,Category
DA:1,1
DA:2,1
DA:3,1
DA:4,1
DA:5,1
DA:6,1
DA:7,1
DA:8,1
DA:9,1
DA:10,1
DA:11,1
DA:12,1
DA:13,1
DA:14,1
DA:15,1
DA:16,1
DA:17,1
DA:18,1
DA:19,1
DA:20,1
DA:21,1
DA:22,1
DA:23,1
DA:24,1
DA:25,1
DA:26,1
DA:27,1
DA:28,1
DA:29,1
DA:30,1
DA:31,1
DA:32,1
DA:33,1
DA:34,13
DA:35,13
DA:36,13
DA:37,13
DA:38,13
DA:39,13
DA:40,13
DA:41,13
DA:42,13
DA:43,13
DA:44,1
DA:45,1
DA:46,13
DA:47,1
DA:48,1
DA:49,13
DA:50,1
DA:51,1
DA:52,1
DA:53,2
DA:54,2
DA:55,2
DA:56,2
DA:57,2
DA:58,2
DA:59,2
DA:60,2
DA:61,2
DA:62,2
DA:63,1
DA:64,1
DA:65,1
DA:66,1
DA:67,1
DA:68,1
DA:69,1
DA:70,1
DA:71,1
DA:72,1
DA:73,1
DA:74,1
DA:75,1
DA:76,1
DA:77,1
DA:78,1
DA:79,1
DA:80,1
DA:81,4
DA:82,4
DA:83,1
DA:84,1
DA:85,6
DA:86,6
DA:87,1
DA:88,1
DA:89,6
DA:90,6
DA:91,1
DA:92,1
DA:93,1
DA:94,1
DA:95,1
DA:96,1
DA:97,1
DA:98,1
DA:99,1
DA:100,1
DA:101,1
DA:102,1
DA:103,1
DA:104,1
DA:105,1
DA:106,1
DA:107,1
DA:108,1
DA:109,1
DA:110,1
DA:111,0
DA:112,0
DA:113,1
DA:114,1
DA:115,1
DA:116,1
DA:117,1
DA:118,1
DA:119,1
DA:120,1
DA:121,1
DA:122,1
DA:123,0
DA:124,0
DA:125,1
DA:126,1
DA:127,1
DA:128,1
DA:129,1
LF:129
LH:125
BRDA:45,0,0,13
BRDA:46,1,0,1
BRDA:52,2,0,2
BRDA:80,3,0,4
BRDA:81,4,0,0
BRDA:84,5,0,6
BRDA:88,6,0,6
BRDA:92,7,0,1
BRDA:33,8,0,13
BRDA:37,9,0,11
BRDA:37,10,0,2
BRDA:40,11,0,8
BRF:12
BRH:11
end_of_record
